<?xml version="1.0" encoding="UTF-8"?>
<!-- Generated by org.testng.reporters.JUnitReportReporter -->
<testsuite skipped="0" hostname="T3J45" name="screenshot.TakeScreenshot" tests="1" failures="0" timestamp="2020-06-01T13:13:24 IST" time="44.398" errors="0">
  <testcase name="screenshot" time="44.398" classname="screenshot.TakeScreenshot"/>
  <system-out/>
</testsuite> <!-- screenshot.TakeScreenshot -->
