<?xml version="1.0" encoding="UTF-8"?>
<!-- Generated by org.testng.reporters.JUnitReportReporter -->
<testsuite skipped="0" hostname="T3J45" name="screenshot.TakeScreenshot2" tests="1" failures="0" timestamp="2020-06-01T14:59:04 IST" time="12.774" errors="0">
  <testcase name="testtt" time="12.774" classname="screenshot.TakeScreenshot2"/>
  <system-out>
<a href=/screenshots/E:\Automation\Screenshots\1.png><img src=/screenshots/E:\Automation\Screenshots\1.png style=width:100px;height:100px;/>E:\Automation\Screenshots\1.png</a><br/>  </system-out>
</testsuite> <!-- screenshot.TakeScreenshot2 -->
