<?xml version="1.0" encoding="UTF-8"?>
<!-- Generated by org.testng.reporters.JUnitReportReporter -->
<testsuite skipped="0" hostname="T3J45" name="runner.POMTest" tests="1" failures="0" timestamp="2020-07-01T15:40:00 IST" time="15.250" errors="0">
  <testcase name="pomTest" time="15.250" classname="runner.POMTest"/>
  <system-out/>
</testsuite> <!-- runner.POMTest -->
