<?xml version="1.0" encoding="UTF-8"?>
<!-- Generated by org.testng.reporters.JUnitReportReporter -->
<testsuite skipped="0" hostname="T3J45" name="runner.POMTest" tests="1" failures="0" timestamp="2020-06-03T15:47:01 IST" time="44.076" errors="0">
  <testcase name="pomTest" time="44.076" classname="runner.POMTest"/>
  <system-out/>
</testsuite> <!-- runner.POMTest -->
